<?xml version="1.0" encoding="UTF-8"?>
<testsuite name="org.apache.flink.api.java.sca.UdfAnalyzerTest" time="0.657" tests="63" errors="0" skipped="0" failures="0">
  <properties>
    <property name="java.runtime.name" value="OpenJDK Runtime Environment"/>
    <property name="sun.boot.library.path" value="/usr/lib/jvm/java-8-openjdk-amd64/jre/lib/amd64"/>
    <property name="java.vm.version" value="25.131-b11"/>
    <property name="java.vm.vendor" value="Oracle Corporation"/>
    <property name="maven.multiModuleProjectDirectory" value="/home/adrian/Masterarbeit/flink"/>
    <property name="java.vendor.url" value="http://java.oracle.com/"/>
    <property name="path.separator" value=":"/>
    <property name="guice.disable.misplaced.annotation.check" value="true"/>
    <property name="java.vm.name" value="OpenJDK 64-Bit Server VM"/>
    <property name="file.encoding.pkg" value="sun.io"/>
    <property name="user.country" value="US"/>
    <property name="sun.java.launcher" value="SUN_STANDARD"/>
    <property name="sun.os.patch.level" value="unknown"/>
    <property name="java.vm.specification.name" value="Java Virtual Machine Specification"/>
    <property name="user.dir" value="/home/adrian/Masterarbeit/flink"/>
    <property name="java.runtime.version" value="1.8.0_131-8u131-b11-0ubuntu1.16.04.2-b11"/>
    <property name="java.awt.graphicsenv" value="sun.awt.X11GraphicsEnvironment"/>
    <property name="java.endorsed.dirs" value="/usr/lib/jvm/java-8-openjdk-amd64/jre/lib/endorsed"/>
    <property name="os.arch" value="amd64"/>
    <property name="java.io.tmpdir" value="/tmp"/>
    <property name="line.separator" value="&#10;"/>
    <property name="java.vm.specification.vendor" value="Oracle Corporation"/>
    <property name="os.name" value="Linux"/>
    <property name="classworlds.conf" value="/usr/local/apache-maven-3.3.3/bin/m2.conf"/>
    <property name="sun.jnu.encoding" value="UTF-8"/>
    <property name="java.library.path" value="/usr/java/packages/lib/amd64:/usr/lib/x86_64-linux-gnu/jni:/lib/x86_64-linux-gnu:/usr/lib/x86_64-linux-gnu:/usr/lib/jni:/lib:/usr/lib"/>
    <property name="java.specification.name" value="Java Platform API Specification"/>
    <property name="java.class.version" value="52.0"/>
    <property name="sun.management.compiler" value="HotSpot 64-Bit Tiered Compilers"/>
    <property name="os.version" value="4.4.0-83-generic"/>
    <property name="user.home" value="/home/adrian"/>
    <property name="user.timezone" value="Europe/Berlin"/>
    <property name="java.awt.printerjob" value="sun.print.PSPrinterJob"/>
    <property name="file.encoding" value="UTF-8"/>
    <property name="java.specification.version" value="1.8"/>
    <property name="user.name" value="adrian"/>
    <property name="java.class.path" value="/usr/local/apache-maven-3.3.3/boot/plexus-classworlds-2.5.2.jar"/>
    <property name="java.vm.specification.version" value="1.8"/>
    <property name="sun.arch.data.model" value="64"/>
    <property name="java.home" value="/usr/lib/jvm/java-8-openjdk-amd64/jre"/>
    <property name="sun.java.command" value="org.codehaus.plexus.classworlds.launcher.Launcher package"/>
    <property name="java.specification.vendor" value="Oracle Corporation"/>
    <property name="user.language" value="en"/>
    <property name="awt.toolkit" value="sun.awt.X11.XToolkit"/>
    <property name="java.vm.info" value="mixed mode"/>
    <property name="java.version" value="1.8.0_131"/>
    <property name="java.ext.dirs" value="/usr/lib/jvm/java-8-openjdk-amd64/jre/lib/ext:/usr/java/packages/lib/ext"/>
    <property name="securerandom.source" value="file:/dev/./urandom"/>
    <property name="sun.boot.class.path" value="/usr/lib/jvm/java-8-openjdk-amd64/jre/lib/resources.jar:/usr/lib/jvm/java-8-openjdk-amd64/jre/lib/rt.jar:/usr/lib/jvm/java-8-openjdk-amd64/jre/lib/sunrsasign.jar:/usr/lib/jvm/java-8-openjdk-amd64/jre/lib/jsse.jar:/usr/lib/jvm/java-8-openjdk-amd64/jre/lib/jce.jar:/usr/lib/jvm/java-8-openjdk-amd64/jre/lib/charsets.jar:/usr/lib/jvm/java-8-openjdk-amd64/jre/lib/jfr.jar:/usr/lib/jvm/java-8-openjdk-amd64/jre/classes"/>
    <property name="java.vendor" value="Oracle Corporation"/>
    <property name="maven.home" value="/usr/local/apache-maven-3.3.3"/>
    <property name="file.separator" value="/"/>
    <property name="java.vendor.url.bug" value="http://bugreport.sun.com/bugreport/"/>
    <property name="sun.cpu.endian" value="little"/>
    <property name="sun.io.unicode.encoding" value="UnicodeLittle"/>
    <property name="sun.cpu.isalist" value=""/>
  </properties>
  <testcase name="testForwardWithArrayModification" classname="org.apache.flink.api.java.sca.UdfAnalyzerTest" time="0.065"/>
  <testcase name="testForwardWithGenericTypeOutput" classname="org.apache.flink.api.java.sca.UdfAnalyzerTest" time="0.029"/>
  <testcase name="testForwardWithModifiedInput" classname="org.apache.flink.api.java.sca.UdfAnalyzerTest" time="0.004"/>
  <testcase name="testForwardWithRecursion" classname="org.apache.flink.api.java.sca.UdfAnalyzerTest" time="0.044"/>
  <testcase name="testForwardWithAtLeastOneIterationAssumptionForJavac" classname="org.apache.flink.api.java.sca.UdfAnalyzerTest" time="0.003"/>
  <testcase name="testForwardWithInheritance2" classname="org.apache.flink.api.java.sca.UdfAnalyzerTest" time="0.003"/>
  <testcase name="testFilterModificationException1" classname="org.apache.flink.api.java.sca.UdfAnalyzerTest" time="0.002"/>
  <testcase name="testFilterModificationException2" classname="org.apache.flink.api.java.sca.UdfAnalyzerTest" time="0.002"/>
  <testcase name="testNullReturnException" classname="org.apache.flink.api.java.sca.UdfAnalyzerTest" time="0.029"/>
  <testcase name="testForwardIntoTupleWithAssignment" classname="org.apache.flink.api.java.sca.UdfAnalyzerTest" time="0.008"/>
  <testcase name="testSingleFieldExtractWithCondition" classname="org.apache.flink.api.java.sca.UdfAnalyzerTest" time="0.01"/>
  <testcase name="testForwardIntoTupleWithInputPath" classname="org.apache.flink.api.java.sca.UdfAnalyzerTest" time="0.023"/>
  <testcase name="testForwardWithBranchingReduce" classname="org.apache.flink.api.java.sca.UdfAnalyzerTest" time="0.012"/>
  <testcase name="testForwardWithInheritance" classname="org.apache.flink.api.java.sca.UdfAnalyzerTest" time="0.014"/>
  <testcase name="testForwardWithCollector" classname="org.apache.flink.api.java.sca.UdfAnalyzerTest" time="0.007"/>
  <testcase name="testForwardWithAtLeastOneIterationAssumption" classname="org.apache.flink.api.java.sca.UdfAnalyzerTest" time="0.004"/>
  <testcase name="testForwardWithGetAndModification" classname="org.apache.flink.api.java.sca.UdfAnalyzerTest" time="0.004"/>
  <testcase name="testForwardWithCollectorPassing" classname="org.apache.flink.api.java.sca.UdfAnalyzerTest" time="0.002"/>
  <testcase name="testForwardWithGenericTypePublicAttrAccess" classname="org.apache.flink.api.java.sca.UdfAnalyzerTest" time="0.005"/>
  <testcase name="testForwardWithNewTupleToNewTupleAssignment" classname="org.apache.flink.api.java.sca.UdfAnalyzerTest" time="0.004"/>
  <testcase name="testForwardWithIterable2" classname="org.apache.flink.api.java.sca.UdfAnalyzerTest" time="0.009"/>
  <testcase name="testForwardWithIterable3" classname="org.apache.flink.api.java.sca.UdfAnalyzerTest" time="0.007"/>
  <testcase name="testForwardWith2Collectors" classname="org.apache.flink.api.java.sca.UdfAnalyzerTest" time="0.002"/>
  <testcase name="testForwardWithPojoPrivateAttrAccess" classname="org.apache.flink.api.java.sca.UdfAnalyzerTest" time="0.01"/>
  <testcase name="testForwardWithBranching1" classname="org.apache.flink.api.java.sca.UdfAnalyzerTest" time="0.002"/>
  <testcase name="testForwardWithBranching2" classname="org.apache.flink.api.java.sca.UdfAnalyzerTest" time="0.044"/>
  <testcase name="testForwardWithBranching3" classname="org.apache.flink.api.java.sca.UdfAnalyzerTest" time="0.009"/>
  <testcase name="testForwardWithBranching4" classname="org.apache.flink.api.java.sca.UdfAnalyzerTest" time="0.007"/>
  <testcase name="testForwardWithBranching5" classname="org.apache.flink.api.java.sca.UdfAnalyzerTest" time="0.013"/>
  <testcase name="testForwardWithBranching6" classname="org.apache.flink.api.java.sca.UdfAnalyzerTest" time="0.002"/>
  <testcase name="testForwardWithTuplesGetSetFieldMethods" classname="org.apache.flink.api.java.sca.UdfAnalyzerTest" time="0.005"/>
  <testcase name="testForwardIntoTupleWithInstanceVar" classname="org.apache.flink.api.java.sca.UdfAnalyzerTest" time="0.006"/>
  <testcase name="testForwardIntoTupleWithInstanceVarChangedByOtherMethod" classname="org.apache.flink.api.java.sca.UdfAnalyzerTest" time="0.005"/>
  <testcase name="testForwardIntoTupleWithCondition" classname="org.apache.flink.api.java.sca.UdfAnalyzerTest" time="0.014"/>
  <testcase name="testForwardWithUnboxingAndBoxing" classname="org.apache.flink.api.java.sca.UdfAnalyzerTest" time="0.016"/>
  <testcase name="testForwardIntoNestedTupleWithVarAndModification" classname="org.apache.flink.api.java.sca.UdfAnalyzerTest" time="0.009"/>
  <testcase name="testForwardWithGetMethod2" classname="org.apache.flink.api.java.sca.UdfAnalyzerTest" time="0.021"/>
  <testcase name="testForwardWithTuplesGetSetFieldMethods2" classname="org.apache.flink.api.java.sca.UdfAnalyzerTest" time="0.013"/>
  <testcase name="testSingleFieldExtract" classname="org.apache.flink.api.java.sca.UdfAnalyzerTest" time="0"/>
  <testcase name="testForwardIntoTupleWithInstanceVarAndCondition" classname="org.apache.flink.api.java.sca.UdfAnalyzerTest" time="0.005"/>
  <testcase name="testForwardWithPojoPublicAttrAccess" classname="org.apache.flink.api.java.sca.UdfAnalyzerTest" time="0.002"/>
  <testcase name="testForwardWithArrayAttrAccess" classname="org.apache.flink.api.java.sca.UdfAnalyzerTest" time="0.007"/>
  <testcase name="testForwardWithIterable" classname="org.apache.flink.api.java.sca.UdfAnalyzerTest" time="0.002"/>
  <testcase name="testForwardIntoTupleWithInstanceVar2" classname="org.apache.flink.api.java.sca.UdfAnalyzerTest" time="0.011"/>
  <testcase name="testForwardIntoUnsupportedObject" classname="org.apache.flink.api.java.sca.UdfAnalyzerTest" time="0.021"/>
  <testcase name="testForwardIntoTuple" classname="org.apache.flink.api.java.sca.UdfAnalyzerTest" time="0.011"/>
  <testcase name="testForwardWithSetMethod" classname="org.apache.flink.api.java.sca.UdfAnalyzerTest" time="0.009"/>
  <testcase name="testForwardIntoNewTupleWithSetMethod" classname="org.apache.flink.api.java.sca.UdfAnalyzerTest" time="0.022"/>
  <testcase name="testForwardWithReduce" classname="org.apache.flink.api.java.sca.UdfAnalyzerTest" time="0.006"/>
  <testcase name="testPutStaticException" classname="org.apache.flink.api.java.sca.UdfAnalyzerTest" time="0.011"/>
  <testcase name="testForwardWithAtLeastOneIterationAssumption2" classname="org.apache.flink.api.java.sca.UdfAnalyzerTest" time="0.002"/>
  <testcase name="testForwardWithAtLeastOneIterationAssumption3" classname="org.apache.flink.api.java.sca.UdfAnalyzerTest" time="0.001"/>
  <testcase name="testForwardWithAtLeastOneIterationAssumption4" classname="org.apache.flink.api.java.sca.UdfAnalyzerTest" time="0.001"/>
  <testcase name="testForwardWithAtLeastOneIterationAssumption5" classname="org.apache.flink.api.java.sca.UdfAnalyzerTest" time="0.002"/>
  <testcase name="testForwardWithAtLeastOneIterationAssumption6" classname="org.apache.flink.api.java.sca.UdfAnalyzerTest" time="0.016"/>
  <testcase name="testForwardWithAtLeastOneIterationAssumption7" classname="org.apache.flink.api.java.sca.UdfAnalyzerTest" time="0.002"/>
  <testcase name="testForwardWithGetMethod" classname="org.apache.flink.api.java.sca.UdfAnalyzerTest" time="0.007"/>
  <testcase name="testForwardIntoNestedTuple" classname="org.apache.flink.api.java.sca.UdfAnalyzerTest" time="0.018"/>
  <testcase name="testForwardWithDualInput" classname="org.apache.flink.api.java.sca.UdfAnalyzerTest" time="0.008"/>
  <testcase name="testForwardIntoPojoByGettersAndSetters" classname="org.apache.flink.api.java.sca.UdfAnalyzerTest" time="0.008"/>
  <testcase name="testForwardWithDualInputAndCollector" classname="org.apache.flink.api.java.sca.UdfAnalyzerTest" time="0.006"/>
  <testcase name="testForwardWithGetRuntimeContext" classname="org.apache.flink.api.java.sca.UdfAnalyzerTest" time="0.008"/>
  <testcase name="testForwardWithSetMethod2" classname="org.apache.flink.api.java.sca.UdfAnalyzerTest" time="0.003"/>
</testsuite>