<?xml version="1.0" encoding="UTF-8"?>
<testsuite name="org.apache.flink.api.java.operator.GroupingTest" time="0.132" tests="36" errors="0" skipped="0" failures="0">
  <properties>
    <property name="java.runtime.name" value="OpenJDK Runtime Environment"/>
    <property name="sun.boot.library.path" value="/usr/lib/jvm/java-8-openjdk-amd64/jre/lib/amd64"/>
    <property name="java.vm.version" value="25.131-b11"/>
    <property name="java.vm.vendor" value="Oracle Corporation"/>
    <property name="maven.multiModuleProjectDirectory" value="/home/adrian/Masterarbeit/flink"/>
    <property name="java.vendor.url" value="http://java.oracle.com/"/>
    <property name="path.separator" value=":"/>
    <property name="guice.disable.misplaced.annotation.check" value="true"/>
    <property name="java.vm.name" value="OpenJDK 64-Bit Server VM"/>
    <property name="file.encoding.pkg" value="sun.io"/>
    <property name="user.country" value="US"/>
    <property name="sun.java.launcher" value="SUN_STANDARD"/>
    <property name="sun.os.patch.level" value="unknown"/>
    <property name="java.vm.specification.name" value="Java Virtual Machine Specification"/>
    <property name="user.dir" value="/home/adrian/Masterarbeit/flink"/>
    <property name="java.runtime.version" value="1.8.0_131-8u131-b11-0ubuntu1.16.04.2-b11"/>
    <property name="java.awt.graphicsenv" value="sun.awt.X11GraphicsEnvironment"/>
    <property name="java.endorsed.dirs" value="/usr/lib/jvm/java-8-openjdk-amd64/jre/lib/endorsed"/>
    <property name="os.arch" value="amd64"/>
    <property name="java.io.tmpdir" value="/tmp"/>
    <property name="line.separator" value="&#10;"/>
    <property name="java.vm.specification.vendor" value="Oracle Corporation"/>
    <property name="os.name" value="Linux"/>
    <property name="classworlds.conf" value="/usr/local/apache-maven-3.3.3/bin/m2.conf"/>
    <property name="sun.jnu.encoding" value="UTF-8"/>
    <property name="java.library.path" value="/usr/java/packages/lib/amd64:/usr/lib/x86_64-linux-gnu/jni:/lib/x86_64-linux-gnu:/usr/lib/x86_64-linux-gnu:/usr/lib/jni:/lib:/usr/lib"/>
    <property name="java.specification.name" value="Java Platform API Specification"/>
    <property name="java.class.version" value="52.0"/>
    <property name="sun.management.compiler" value="HotSpot 64-Bit Tiered Compilers"/>
    <property name="os.version" value="4.4.0-83-generic"/>
    <property name="user.home" value="/home/adrian"/>
    <property name="user.timezone" value="Europe/Berlin"/>
    <property name="java.awt.printerjob" value="sun.print.PSPrinterJob"/>
    <property name="file.encoding" value="UTF-8"/>
    <property name="java.specification.version" value="1.8"/>
    <property name="user.name" value="adrian"/>
    <property name="java.class.path" value="/usr/local/apache-maven-3.3.3/boot/plexus-classworlds-2.5.2.jar"/>
    <property name="java.vm.specification.version" value="1.8"/>
    <property name="sun.arch.data.model" value="64"/>
    <property name="java.home" value="/usr/lib/jvm/java-8-openjdk-amd64/jre"/>
    <property name="sun.java.command" value="org.codehaus.plexus.classworlds.launcher.Launcher package"/>
    <property name="java.specification.vendor" value="Oracle Corporation"/>
    <property name="user.language" value="en"/>
    <property name="awt.toolkit" value="sun.awt.X11.XToolkit"/>
    <property name="java.vm.info" value="mixed mode"/>
    <property name="java.version" value="1.8.0_131"/>
    <property name="java.ext.dirs" value="/usr/lib/jvm/java-8-openjdk-amd64/jre/lib/ext:/usr/java/packages/lib/ext"/>
    <property name="securerandom.source" value="file:/dev/./urandom"/>
    <property name="sun.boot.class.path" value="/usr/lib/jvm/java-8-openjdk-amd64/jre/lib/resources.jar:/usr/lib/jvm/java-8-openjdk-amd64/jre/lib/rt.jar:/usr/lib/jvm/java-8-openjdk-amd64/jre/lib/sunrsasign.jar:/usr/lib/jvm/java-8-openjdk-amd64/jre/lib/jsse.jar:/usr/lib/jvm/java-8-openjdk-amd64/jre/lib/jce.jar:/usr/lib/jvm/java-8-openjdk-amd64/jre/lib/charsets.jar:/usr/lib/jvm/java-8-openjdk-amd64/jre/lib/jfr.jar:/usr/lib/jvm/java-8-openjdk-amd64/jre/classes"/>
    <property name="java.vendor" value="Oracle Corporation"/>
    <property name="maven.home" value="/usr/local/apache-maven-3.3.3"/>
    <property name="file.separator" value="/"/>
    <property name="java.vendor.url.bug" value="http://bugreport.sun.com/bugreport/"/>
    <property name="sun.cpu.endian" value="little"/>
    <property name="sun.io.unicode.encoding" value="UnicodeLittle"/>
    <property name="sun.cpu.isalist" value=""/>
  </properties>
  <testcase name="testGroupByKeyFields1" classname="org.apache.flink.api.java.operator.GroupingTest" time="0.002"/>
  <testcase name="testGroupByKeyFields2" classname="org.apache.flink.api.java.operator.GroupingTest" time="0.001"/>
  <testcase name="testGroupByKeyFields3" classname="org.apache.flink.api.java.operator.GroupingTest" time="0.001"/>
  <testcase name="testGroupByKeyFields4" classname="org.apache.flink.api.java.operator.GroupingTest" time="0"/>
  <testcase name="testGroupByKeyFields5" classname="org.apache.flink.api.java.operator.GroupingTest" time="0"/>
  <testcase name="testGroupSortByKeyExpression1" classname="org.apache.flink.api.java.operator.GroupingTest" time="0.002"/>
  <testcase name="testGroupSortByKeyExpression2" classname="org.apache.flink.api.java.operator.GroupingTest" time="0.004"/>
  <testcase name="testGroupSortByKeyExpression3" classname="org.apache.flink.api.java.operator.GroupingTest" time="0.001"/>
  <testcase name="testGroupSortByKeyExpression4" classname="org.apache.flink.api.java.operator.GroupingTest" time="0.001"/>
  <testcase name="testGroupSortByKeyExpression5" classname="org.apache.flink.api.java.operator.GroupingTest" time="0.001"/>
  <testcase name="testGroupSortByKeyExpression6" classname="org.apache.flink.api.java.operator.GroupingTest" time="0.001"/>
  <testcase name="testGroupByKeySelector1" classname="org.apache.flink.api.java.operator.GroupingTest" time="0.018"/>
  <testcase name="testGroupByKeySelector2" classname="org.apache.flink.api.java.operator.GroupingTest" time="0.011"/>
  <testcase name="testGroupByKeySelector3" classname="org.apache.flink.api.java.operator.GroupingTest" time="0.005"/>
  <testcase name="testGroupByKeySelector4" classname="org.apache.flink.api.java.operator.GroupingTest" time="0.003"/>
  <testcase name="testGroupByKeySelector5" classname="org.apache.flink.api.java.operator.GroupingTest" time="0.028"/>
  <testcase name="testGroupingAtomicType" classname="org.apache.flink.api.java.operator.GroupingTest" time="0.002"/>
  <testcase name="testGroupAtomicTypeWithInvalid1" classname="org.apache.flink.api.java.operator.GroupingTest" time="0.009"/>
  <testcase name="testGroupAtomicTypeWithInvalid2" classname="org.apache.flink.api.java.operator.GroupingTest" time="0.001"/>
  <testcase name="testGroupAtomicTypeWithInvalid3" classname="org.apache.flink.api.java.operator.GroupingTest" time="0.001"/>
  <testcase name="testGroupByKeyFieldsOnPrimitiveArray" classname="org.apache.flink.api.java.operator.GroupingTest" time="0.001"/>
  <testcase name="testGroupByKeyExpressions1Nested" classname="org.apache.flink.api.java.operator.GroupingTest" time="0.001"/>
  <testcase name="testGroupByKeyExpressions1" classname="org.apache.flink.api.java.operator.GroupingTest" time="0.001"/>
  <testcase name="testGroupByKeyExpressions2" classname="org.apache.flink.api.java.operator.GroupingTest" time="0"/>
  <testcase name="testGroupByKeyExpressions3" classname="org.apache.flink.api.java.operator.GroupingTest" time="0"/>
  <testcase name="testGroupByKeyExpressions4" classname="org.apache.flink.api.java.operator.GroupingTest" time="0"/>
  <testcase name="testGroupSortKeyFields1" classname="org.apache.flink.api.java.operator.GroupingTest" time="0.001"/>
  <testcase name="testGroupSortKeyFields2" classname="org.apache.flink.api.java.operator.GroupingTest" time="0.001"/>
  <testcase name="testGroupSortKeyFields3" classname="org.apache.flink.api.java.operator.GroupingTest" time="0.004"/>
  <testcase name="testGroupSortKeyFields4" classname="org.apache.flink.api.java.operator.GroupingTest" time="0"/>
  <testcase name="testGroupSortKeyFields5" classname="org.apache.flink.api.java.operator.GroupingTest" time="0.001"/>
  <testcase name="testGroupByKeyExpressions2Nested" classname="org.apache.flink.api.java.operator.GroupingTest" time="0"/>
  <testcase name="testChainedGroupSortKeyFields" classname="org.apache.flink.api.java.operator.GroupingTest" time="0"/>
  <testcase name="testGroupSortByKeySelector1" classname="org.apache.flink.api.java.operator.GroupingTest" time="0.004"/>
  <testcase name="testGroupSortByKeySelector2" classname="org.apache.flink.api.java.operator.GroupingTest" time="0.018"/>
  <testcase name="testGroupSortByKeySelector3" classname="org.apache.flink.api.java.operator.GroupingTest" time="0.008"/>
</testsuite>