<?xml version="1.0" encoding="UTF-8"?>
<testsuite name="org.apache.flink.api.java.functions.SemanticPropUtilTest" time="0.025" tests="65" errors="0" skipped="0" failures="0">
  <properties>
    <property name="java.runtime.name" value="OpenJDK Runtime Environment"/>
    <property name="sun.boot.library.path" value="/usr/lib/jvm/java-8-openjdk-amd64/jre/lib/amd64"/>
    <property name="java.vm.version" value="25.131-b11"/>
    <property name="java.vm.vendor" value="Oracle Corporation"/>
    <property name="maven.multiModuleProjectDirectory" value="/home/adrian/Masterarbeit/flink"/>
    <property name="java.vendor.url" value="http://java.oracle.com/"/>
    <property name="path.separator" value=":"/>
    <property name="guice.disable.misplaced.annotation.check" value="true"/>
    <property name="java.vm.name" value="OpenJDK 64-Bit Server VM"/>
    <property name="file.encoding.pkg" value="sun.io"/>
    <property name="user.country" value="US"/>
    <property name="sun.java.launcher" value="SUN_STANDARD"/>
    <property name="sun.os.patch.level" value="unknown"/>
    <property name="java.vm.specification.name" value="Java Virtual Machine Specification"/>
    <property name="user.dir" value="/home/adrian/Masterarbeit/flink"/>
    <property name="java.runtime.version" value="1.8.0_131-8u131-b11-0ubuntu1.16.04.2-b11"/>
    <property name="java.awt.graphicsenv" value="sun.awt.X11GraphicsEnvironment"/>
    <property name="java.endorsed.dirs" value="/usr/lib/jvm/java-8-openjdk-amd64/jre/lib/endorsed"/>
    <property name="os.arch" value="amd64"/>
    <property name="java.io.tmpdir" value="/tmp"/>
    <property name="line.separator" value="&#10;"/>
    <property name="java.vm.specification.vendor" value="Oracle Corporation"/>
    <property name="os.name" value="Linux"/>
    <property name="classworlds.conf" value="/usr/local/apache-maven-3.3.3/bin/m2.conf"/>
    <property name="sun.jnu.encoding" value="UTF-8"/>
    <property name="java.library.path" value="/usr/java/packages/lib/amd64:/usr/lib/x86_64-linux-gnu/jni:/lib/x86_64-linux-gnu:/usr/lib/x86_64-linux-gnu:/usr/lib/jni:/lib:/usr/lib"/>
    <property name="java.specification.name" value="Java Platform API Specification"/>
    <property name="java.class.version" value="52.0"/>
    <property name="sun.management.compiler" value="HotSpot 64-Bit Tiered Compilers"/>
    <property name="os.version" value="4.4.0-83-generic"/>
    <property name="user.home" value="/home/adrian"/>
    <property name="user.timezone" value="Europe/Berlin"/>
    <property name="java.awt.printerjob" value="sun.print.PSPrinterJob"/>
    <property name="file.encoding" value="UTF-8"/>
    <property name="java.specification.version" value="1.8"/>
    <property name="user.name" value="adrian"/>
    <property name="java.class.path" value="/usr/local/apache-maven-3.3.3/boot/plexus-classworlds-2.5.2.jar"/>
    <property name="java.vm.specification.version" value="1.8"/>
    <property name="sun.arch.data.model" value="64"/>
    <property name="java.home" value="/usr/lib/jvm/java-8-openjdk-amd64/jre"/>
    <property name="sun.java.command" value="org.codehaus.plexus.classworlds.launcher.Launcher package"/>
    <property name="java.specification.vendor" value="Oracle Corporation"/>
    <property name="user.language" value="en"/>
    <property name="awt.toolkit" value="sun.awt.X11.XToolkit"/>
    <property name="java.vm.info" value="mixed mode"/>
    <property name="java.version" value="1.8.0_131"/>
    <property name="java.ext.dirs" value="/usr/lib/jvm/java-8-openjdk-amd64/jre/lib/ext:/usr/java/packages/lib/ext"/>
    <property name="securerandom.source" value="file:/dev/./urandom"/>
    <property name="sun.boot.class.path" value="/usr/lib/jvm/java-8-openjdk-amd64/jre/lib/resources.jar:/usr/lib/jvm/java-8-openjdk-amd64/jre/lib/rt.jar:/usr/lib/jvm/java-8-openjdk-amd64/jre/lib/sunrsasign.jar:/usr/lib/jvm/java-8-openjdk-amd64/jre/lib/jsse.jar:/usr/lib/jvm/java-8-openjdk-amd64/jre/lib/jce.jar:/usr/lib/jvm/java-8-openjdk-amd64/jre/lib/charsets.jar:/usr/lib/jvm/java-8-openjdk-amd64/jre/lib/jfr.jar:/usr/lib/jvm/java-8-openjdk-amd64/jre/classes"/>
    <property name="java.vendor" value="Oracle Corporation"/>
    <property name="maven.home" value="/usr/local/apache-maven-3.3.3"/>
    <property name="file.separator" value="/"/>
    <property name="java.vendor.url.bug" value="http://bugreport.sun.com/bugreport/"/>
    <property name="sun.cpu.endian" value="little"/>
    <property name="sun.io.unicode.encoding" value="UnicodeLittle"/>
    <property name="sun.cpu.isalist" value=""/>
  </properties>
  <testcase name="testSingleProjectionProperties" classname="org.apache.flink.api.java.functions.SemanticPropUtilTest" time="0.001"/>
  <testcase name="testForwardedForwardWildCard" classname="org.apache.flink.api.java.functions.SemanticPropUtilTest" time="0"/>
  <testcase name="testForwardedNonForwardedFirstCheck" classname="org.apache.flink.api.java.functions.SemanticPropUtilTest" time="0"/>
  <testcase name="testForwardedForwardMultiFields" classname="org.apache.flink.api.java.functions.SemanticPropUtilTest" time="0"/>
  <testcase name="testForwardedWithArrowSpaces" classname="org.apache.flink.api.java.functions.SemanticPropUtilTest" time="0"/>
  <testcase name="testForwardedSameTargetTwice" classname="org.apache.flink.api.java.functions.SemanticPropUtilTest" time="0.001"/>
  <testcase name="testAddSourceFieldOffsets" classname="org.apache.flink.api.java.functions.SemanticPropUtilTest" time="0"/>
  <testcase name="testNonForwardedSpaces" classname="org.apache.flink.api.java.functions.SemanticPropUtilTest" time="0"/>
  <testcase name="testForwardedMixedOneString" classname="org.apache.flink.api.java.functions.SemanticPropUtilTest" time="0"/>
  <testcase name="testForwardedNoArrrowOneString" classname="org.apache.flink.api.java.functions.SemanticPropUtilTest" time="0"/>
  <testcase name="testDualProjectionProperties" classname="org.apache.flink.api.java.functions.SemanticPropUtilTest" time="0.001"/>
  <testcase name="testForwardedNoArrowOneStringInvalidDelimiter" classname="org.apache.flink.api.java.functions.SemanticPropUtilTest" time="0"/>
  <testcase name="testReadFieldsInvalidString" classname="org.apache.flink.api.java.functions.SemanticPropUtilTest" time="0.001"/>
  <testcase name="testReadFieldsOneString" classname="org.apache.flink.api.java.functions.SemanticPropUtilTest" time="0"/>
  <testcase name="testForwardedNoArrrowSpaces" classname="org.apache.flink.api.java.functions.SemanticPropUtilTest" time="0.002"/>
  <testcase name="testForwardedInvalidTargetFieldType1" classname="org.apache.flink.api.java.functions.SemanticPropUtilTest" time="0"/>
  <testcase name="testForwardedInvalidTargetFieldType2" classname="org.apache.flink.api.java.functions.SemanticPropUtilTest" time="0"/>
  <testcase name="testForwardedInvalidTargetFieldType3" classname="org.apache.flink.api.java.functions.SemanticPropUtilTest" time="0.001"/>
  <testcase name="testForwardedInvalidTargetFieldType4" classname="org.apache.flink.api.java.functions.SemanticPropUtilTest" time="0"/>
  <testcase name="testForwardedInvalidTargetFieldType5" classname="org.apache.flink.api.java.functions.SemanticPropUtilTest" time="0.001"/>
  <testcase name="testForwardedNonForwardedSecondCheck" classname="org.apache.flink.api.java.functions.SemanticPropUtilTest" time="0"/>
  <testcase name="testForwardedNonForwardedCheck" classname="org.apache.flink.api.java.functions.SemanticPropUtilTest" time="0"/>
  <testcase name="testNonForwardedInvalidString" classname="org.apache.flink.api.java.functions.SemanticPropUtilTest" time="0"/>
  <testcase name="testNonForwardedInvalidTypes1" classname="org.apache.flink.api.java.functions.SemanticPropUtilTest" time="0"/>
  <testcase name="testNonForwardedInvalidTypes2" classname="org.apache.flink.api.java.functions.SemanticPropUtilTest" time="0.001"/>
  <testcase name="testNonForwardedInvalidTypes3" classname="org.apache.flink.api.java.functions.SemanticPropUtilTest" time="0"/>
  <testcase name="testNonForwardedInvalidTypes4" classname="org.apache.flink.api.java.functions.SemanticPropUtilTest" time="0"/>
  <testcase name="testNonForwardedInvalidTypes5" classname="org.apache.flink.api.java.functions.SemanticPropUtilTest" time="0"/>
  <testcase name="testAddSourceFieldOffset" classname="org.apache.flink.api.java.functions.SemanticPropUtilTest" time="0.001"/>
  <testcase name="testForwardedWithArrowIndividualStrings" classname="org.apache.flink.api.java.functions.SemanticPropUtilTest" time="0"/>
  <testcase name="testNonForwardedDual" classname="org.apache.flink.api.java.functions.SemanticPropUtilTest" time="0.001"/>
  <testcase name="testNonForwardedNone" classname="org.apache.flink.api.java.functions.SemanticPropUtilTest" time="0"/>
  <testcase name="testNonForwardedPojo" classname="org.apache.flink.api.java.functions.SemanticPropUtilTest" time="0.001"/>
  <testcase name="testNonForwardedRead" classname="org.apache.flink.api.java.functions.SemanticPropUtilTest" time="0"/>
  <testcase name="testNonForwardedSingleString" classname="org.apache.flink.api.java.functions.SemanticPropUtilTest" time="0.001"/>
  <testcase name="testForwardedInvalidString" classname="org.apache.flink.api.java.functions.SemanticPropUtilTest" time="0"/>
  <testcase name="testNonForwardedNestedTuple" classname="org.apache.flink.api.java.functions.SemanticPropUtilTest" time="0"/>
  <testcase name="testNonForwardedInvalidNesting" classname="org.apache.flink.api.java.functions.SemanticPropUtilTest" time="0.001"/>
  <testcase name="testReadFieldsDual" classname="org.apache.flink.api.java.functions.SemanticPropUtilTest" time="0.001"/>
  <testcase name="testReadFieldsPojo" classname="org.apache.flink.api.java.functions.SemanticPropUtilTest" time="0"/>
  <testcase name="testForwardedNestedTuples" classname="org.apache.flink.api.java.functions.SemanticPropUtilTest" time="0.003"/>
  <testcase name="testForwardedWithArrowOneString" classname="org.apache.flink.api.java.functions.SemanticPropUtilTest" time="0"/>
  <testcase name="testNonForwardedIndividualStrings" classname="org.apache.flink.api.java.functions.SemanticPropUtilTest" time="0"/>
  <testcase name="testReadFieldsBasic" classname="org.apache.flink.api.java.functions.SemanticPropUtilTest" time="0"/>
  <testcase name="testInvalidPojoField" classname="org.apache.flink.api.java.functions.SemanticPropUtilTest" time="0"/>
  <testcase name="testForwardedBasicType" classname="org.apache.flink.api.java.functions.SemanticPropUtilTest" time="0.001"/>
  <testcase name="testForwardedInvalidExpression" classname="org.apache.flink.api.java.functions.SemanticPropUtilTest" time="0.001"/>
  <testcase name="testReadFieldsNestedTupleWildCard" classname="org.apache.flink.api.java.functions.SemanticPropUtilTest" time="0"/>
  <testcase name="testNonForwardedNestedPojo" classname="org.apache.flink.api.java.functions.SemanticPropUtilTest" time="0"/>
  <testcase name="testReadFieldsNestedTuples" classname="org.apache.flink.api.java.functions.SemanticPropUtilTest" time="0"/>
  <testcase name="testReadFieldsNestedPojo" classname="org.apache.flink.api.java.functions.SemanticPropUtilTest" time="0"/>
  <testcase name="testReadFieldsIndividualStrings" classname="org.apache.flink.api.java.functions.SemanticPropUtilTest" time="0"/>
  <testcase name="testNonForwardedDualInvalidTypes1" classname="org.apache.flink.api.java.functions.SemanticPropUtilTest" time="0"/>
  <testcase name="testNonForwardedDualInvalidTypes2" classname="org.apache.flink.api.java.functions.SemanticPropUtilTest" time="0"/>
  <testcase name="testForwardedWildCardInvalidTypes1" classname="org.apache.flink.api.java.functions.SemanticPropUtilTest" time="0"/>
  <testcase name="testForwardedWildCardInvalidTypes2" classname="org.apache.flink.api.java.functions.SemanticPropUtilTest" time="0"/>
  <testcase name="testForwardedWildCardInvalidTypes3" classname="org.apache.flink.api.java.functions.SemanticPropUtilTest" time="0"/>
  <testcase name="testReadFieldsPojoInTuple" classname="org.apache.flink.api.java.functions.SemanticPropUtilTest" time="0"/>
  <testcase name="testForwardedWildCard" classname="org.apache.flink.api.java.functions.SemanticPropUtilTest" time="0.001"/>
  <testcase name="testReadFieldsSpaces" classname="org.apache.flink.api.java.functions.SemanticPropUtilTest" time="0"/>
  <testcase name="testForwardedDual" classname="org.apache.flink.api.java.functions.SemanticPropUtilTest" time="0.001"/>
  <testcase name="testForwardedPojo" classname="org.apache.flink.api.java.functions.SemanticPropUtilTest" time="0.002"/>
  <testcase name="testForwardedRead" classname="org.apache.flink.api.java.functions.SemanticPropUtilTest" time="0"/>
  <testcase name="testForwardedReadDual" classname="org.apache.flink.api.java.functions.SemanticPropUtilTest" time="0"/>
  <testcase name="testForwardedNoArrrowIndividualStrings" classname="org.apache.flink.api.java.functions.SemanticPropUtilTest" time="0.001"/>
</testsuite>