<?xml version="1.0" encoding="UTF-8"?>
<testsuite name="org.apache.flink.core.memory.HybridOnHeapMemorySegmentTest" time="1.97" tests="81" errors="0" skipped="0" failures="0">
  <properties>
    <property name="java.runtime.name" value="OpenJDK Runtime Environment"/>
    <property name="sun.boot.library.path" value="/usr/lib/jvm/java-8-openjdk-amd64/jre/lib/amd64"/>
    <property name="java.vm.version" value="25.131-b11"/>
    <property name="java.vm.vendor" value="Oracle Corporation"/>
    <property name="maven.multiModuleProjectDirectory" value="/home/adrian/Masterarbeit/flink"/>
    <property name="java.vendor.url" value="http://java.oracle.com/"/>
    <property name="path.separator" value=":"/>
    <property name="guice.disable.misplaced.annotation.check" value="true"/>
    <property name="java.vm.name" value="OpenJDK 64-Bit Server VM"/>
    <property name="file.encoding.pkg" value="sun.io"/>
    <property name="user.country" value="US"/>
    <property name="sun.java.launcher" value="SUN_STANDARD"/>
    <property name="sun.os.patch.level" value="unknown"/>
    <property name="java.vm.specification.name" value="Java Virtual Machine Specification"/>
    <property name="user.dir" value="/home/adrian/Masterarbeit/flink"/>
    <property name="java.runtime.version" value="1.8.0_131-8u131-b11-0ubuntu1.16.04.2-b11"/>
    <property name="java.awt.graphicsenv" value="sun.awt.X11GraphicsEnvironment"/>
    <property name="java.endorsed.dirs" value="/usr/lib/jvm/java-8-openjdk-amd64/jre/lib/endorsed"/>
    <property name="os.arch" value="amd64"/>
    <property name="java.io.tmpdir" value="/tmp"/>
    <property name="line.separator" value="&#10;"/>
    <property name="java.vm.specification.vendor" value="Oracle Corporation"/>
    <property name="os.name" value="Linux"/>
    <property name="classworlds.conf" value="/usr/local/apache-maven-3.3.3/bin/m2.conf"/>
    <property name="sun.jnu.encoding" value="UTF-8"/>
    <property name="java.library.path" value="/usr/java/packages/lib/amd64:/usr/lib/x86_64-linux-gnu/jni:/lib/x86_64-linux-gnu:/usr/lib/x86_64-linux-gnu:/usr/lib/jni:/lib:/usr/lib"/>
    <property name="java.specification.name" value="Java Platform API Specification"/>
    <property name="java.class.version" value="52.0"/>
    <property name="sun.management.compiler" value="HotSpot 64-Bit Tiered Compilers"/>
    <property name="os.version" value="4.4.0-83-generic"/>
    <property name="user.home" value="/home/adrian"/>
    <property name="user.timezone" value="Europe/Berlin"/>
    <property name="java.awt.printerjob" value="sun.print.PSPrinterJob"/>
    <property name="file.encoding" value="UTF-8"/>
    <property name="java.specification.version" value="1.8"/>
    <property name="user.name" value="adrian"/>
    <property name="java.class.path" value="/usr/local/apache-maven-3.3.3/boot/plexus-classworlds-2.5.2.jar"/>
    <property name="java.vm.specification.version" value="1.8"/>
    <property name="sun.arch.data.model" value="64"/>
    <property name="java.home" value="/usr/lib/jvm/java-8-openjdk-amd64/jre"/>
    <property name="sun.java.command" value="org.codehaus.plexus.classworlds.launcher.Launcher package"/>
    <property name="java.specification.vendor" value="Oracle Corporation"/>
    <property name="user.language" value="en"/>
    <property name="awt.toolkit" value="sun.awt.X11.XToolkit"/>
    <property name="java.vm.info" value="mixed mode"/>
    <property name="java.version" value="1.8.0_131"/>
    <property name="java.ext.dirs" value="/usr/lib/jvm/java-8-openjdk-amd64/jre/lib/ext:/usr/java/packages/lib/ext"/>
    <property name="securerandom.source" value="file:/dev/./urandom"/>
    <property name="sun.boot.class.path" value="/usr/lib/jvm/java-8-openjdk-amd64/jre/lib/resources.jar:/usr/lib/jvm/java-8-openjdk-amd64/jre/lib/rt.jar:/usr/lib/jvm/java-8-openjdk-amd64/jre/lib/sunrsasign.jar:/usr/lib/jvm/java-8-openjdk-amd64/jre/lib/jsse.jar:/usr/lib/jvm/java-8-openjdk-amd64/jre/lib/jce.jar:/usr/lib/jvm/java-8-openjdk-amd64/jre/lib/charsets.jar:/usr/lib/jvm/java-8-openjdk-amd64/jre/lib/jfr.jar:/usr/lib/jvm/java-8-openjdk-amd64/jre/classes"/>
    <property name="java.vendor" value="Oracle Corporation"/>
    <property name="maven.home" value="/usr/local/apache-maven-3.3.3"/>
    <property name="file.separator" value="/"/>
    <property name="java.vendor.url.bug" value="http://bugreport.sun.com/bugreport/"/>
    <property name="sun.cpu.endian" value="little"/>
    <property name="sun.io.unicode.encoding" value="UnicodeLittle"/>
    <property name="sun.cpu.isalist" value=""/>
  </properties>
  <testcase name="testHybridHeapSegmentSpecifics[segment-size = 32,768]" classname="org.apache.flink.core.memory.HybridOnHeapMemorySegmentTest" time="0"/>
  <testcase name="testByteBufferOverflowUnderflow[segment-size = 32,768]" classname="org.apache.flink.core.memory.HybridOnHeapMemorySegmentTest" time="0.001"/>
  <testcase name="testLongAccess[segment-size = 32,768]" classname="org.apache.flink.core.memory.HybridOnHeapMemorySegmentTest" time="0.01"/>
  <testcase name="testBulkBytePutExceptions[segment-size = 32,768]" classname="org.apache.flink.core.memory.HybridOnHeapMemorySegmentTest" time="0"/>
  <testcase name="testByteBufferOutOfBounds[segment-size = 32,768]" classname="org.apache.flink.core.memory.HybridOnHeapMemorySegmentTest" time="0.001"/>
  <testcase name="testBulkByteGetExceptions[segment-size = 32,768]" classname="org.apache.flink.core.memory.HybridOnHeapMemorySegmentTest" time="0.001"/>
  <testcase name="testByteBufferGet[segment-size = 32,768]" classname="org.apache.flink.core.memory.HybridOnHeapMemorySegmentTest" time="0.007"/>
  <testcase name="testByteBufferPut[segment-size = 32,768]" classname="org.apache.flink.core.memory.HybridOnHeapMemorySegmentTest" time="0.002"/>
  <testcase name="testOwner[segment-size = 32,768]" classname="org.apache.flink.core.memory.HybridOnHeapMemorySegmentTest" time="0"/>
  <testcase name="testBooleanAccess[segment-size = 32,768]" classname="org.apache.flink.core.memory.HybridOnHeapMemorySegmentTest" time="0.045"/>
  <testcase name="testDataInputOutputStreamUnderflowOverflow[segment-size = 32,768]" classname="org.apache.flink.core.memory.HybridOnHeapMemorySegmentTest" time="0.001"/>
  <testcase name="testByteAccess[segment-size = 32,768]" classname="org.apache.flink.core.memory.HybridOnHeapMemorySegmentTest" time="0.037"/>
  <testcase name="testSwapBytes[segment-size = 32,768]" classname="org.apache.flink.core.memory.HybridOnHeapMemorySegmentTest" time="0.025"/>
  <testcase name="testCharAccess[segment-size = 32,768]" classname="org.apache.flink.core.memory.HybridOnHeapMemorySegmentTest" time="0.018"/>
  <testcase name="testDataInputOutput[segment-size = 32,768]" classname="org.apache.flink.core.memory.HybridOnHeapMemorySegmentTest" time="0.014"/>
  <testcase name="testShortAccess[segment-size = 32,768]" classname="org.apache.flink.core.memory.HybridOnHeapMemorySegmentTest" time="0.019"/>
  <testcase name="testCheckAgainstOverflowUnderflowOnRelease[segment-size = 32,768]" classname="org.apache.flink.core.memory.HybridOnHeapMemorySegmentTest" time="0"/>
  <testcase name="testSizeAndFreeing[segment-size = 32,768]" classname="org.apache.flink.core.memory.HybridOnHeapMemorySegmentTest" time="0"/>
  <testcase name="testIntAccess[segment-size = 32,768]" classname="org.apache.flink.core.memory.HybridOnHeapMemorySegmentTest" time="0.011"/>
  <testcase name="testBulkByteAccess[segment-size = 32,768]" classname="org.apache.flink.core.memory.HybridOnHeapMemorySegmentTest" time="0.081"/>
  <testcase name="testByteBufferWrapping[segment-size = 32,768]" classname="org.apache.flink.core.memory.HybridOnHeapMemorySegmentTest" time="0.001"/>
  <testcase name="testDataInputOutputOutOfBounds[segment-size = 32,768]" classname="org.apache.flink.core.memory.HybridOnHeapMemorySegmentTest" time="0.002"/>
  <testcase name="testCompareBytes[segment-size = 32,768]" classname="org.apache.flink.core.memory.HybridOnHeapMemorySegmentTest" time="0.019"/>
  <testcase name="testFloatAccess[segment-size = 32,768]" classname="org.apache.flink.core.memory.HybridOnHeapMemorySegmentTest" time="0.016"/>
  <testcase name="testDoubleAccess[segment-size = 32,768]" classname="org.apache.flink.core.memory.HybridOnHeapMemorySegmentTest" time="0.021"/>
  <testcase name="testSlicedByteBufferGet[segment-size = 32,768]" classname="org.apache.flink.core.memory.HybridOnHeapMemorySegmentTest" time="0.001"/>
  <testcase name="testSlicedByteBufferPut[segment-size = 32,768]" classname="org.apache.flink.core.memory.HybridOnHeapMemorySegmentTest" time="0.001"/>
  <testcase name="testHybridHeapSegmentSpecifics[segment-size = 4,096]" classname="org.apache.flink.core.memory.HybridOnHeapMemorySegmentTest" time="0"/>
  <testcase name="testByteBufferOverflowUnderflow[segment-size = 4,096]" classname="org.apache.flink.core.memory.HybridOnHeapMemorySegmentTest" time="0"/>
  <testcase name="testLongAccess[segment-size = 4,096]" classname="org.apache.flink.core.memory.HybridOnHeapMemorySegmentTest" time="0.004"/>
  <testcase name="testBulkBytePutExceptions[segment-size = 4,096]" classname="org.apache.flink.core.memory.HybridOnHeapMemorySegmentTest" time="0.001"/>
  <testcase name="testByteBufferOutOfBounds[segment-size = 4,096]" classname="org.apache.flink.core.memory.HybridOnHeapMemorySegmentTest" time="0.001"/>
  <testcase name="testBulkByteGetExceptions[segment-size = 4,096]" classname="org.apache.flink.core.memory.HybridOnHeapMemorySegmentTest" time="0.001"/>
  <testcase name="testByteBufferGet[segment-size = 4,096]" classname="org.apache.flink.core.memory.HybridOnHeapMemorySegmentTest" time="0"/>
  <testcase name="testByteBufferPut[segment-size = 4,096]" classname="org.apache.flink.core.memory.HybridOnHeapMemorySegmentTest" time="0.003"/>
  <testcase name="testOwner[segment-size = 4,096]" classname="org.apache.flink.core.memory.HybridOnHeapMemorySegmentTest" time="0"/>
  <testcase name="testBooleanAccess[segment-size = 4,096]" classname="org.apache.flink.core.memory.HybridOnHeapMemorySegmentTest" time="0.002"/>
  <testcase name="testDataInputOutputStreamUnderflowOverflow[segment-size = 4,096]" classname="org.apache.flink.core.memory.HybridOnHeapMemorySegmentTest" time="0.001"/>
  <testcase name="testByteAccess[segment-size = 4,096]" classname="org.apache.flink.core.memory.HybridOnHeapMemorySegmentTest" time="0.003"/>
  <testcase name="testSwapBytes[segment-size = 4,096]" classname="org.apache.flink.core.memory.HybridOnHeapMemorySegmentTest" time="0.004"/>
  <testcase name="testCharAccess[segment-size = 4,096]" classname="org.apache.flink.core.memory.HybridOnHeapMemorySegmentTest" time="0.002"/>
  <testcase name="testDataInputOutput[segment-size = 4,096]" classname="org.apache.flink.core.memory.HybridOnHeapMemorySegmentTest" time="0"/>
  <testcase name="testShortAccess[segment-size = 4,096]" classname="org.apache.flink.core.memory.HybridOnHeapMemorySegmentTest" time="0.005"/>
  <testcase name="testCheckAgainstOverflowUnderflowOnRelease[segment-size = 4,096]" classname="org.apache.flink.core.memory.HybridOnHeapMemorySegmentTest" time="0"/>
  <testcase name="testSizeAndFreeing[segment-size = 4,096]" classname="org.apache.flink.core.memory.HybridOnHeapMemorySegmentTest" time="0"/>
  <testcase name="testIntAccess[segment-size = 4,096]" classname="org.apache.flink.core.memory.HybridOnHeapMemorySegmentTest" time="0.001"/>
  <testcase name="testBulkByteAccess[segment-size = 4,096]" classname="org.apache.flink.core.memory.HybridOnHeapMemorySegmentTest" time="0.005"/>
  <testcase name="testByteBufferWrapping[segment-size = 4,096]" classname="org.apache.flink.core.memory.HybridOnHeapMemorySegmentTest" time="0"/>
  <testcase name="testDataInputOutputOutOfBounds[segment-size = 4,096]" classname="org.apache.flink.core.memory.HybridOnHeapMemorySegmentTest" time="0"/>
  <testcase name="testCompareBytes[segment-size = 4,096]" classname="org.apache.flink.core.memory.HybridOnHeapMemorySegmentTest" time="0.001"/>
  <testcase name="testFloatAccess[segment-size = 4,096]" classname="org.apache.flink.core.memory.HybridOnHeapMemorySegmentTest" time="0.001"/>
  <testcase name="testDoubleAccess[segment-size = 4,096]" classname="org.apache.flink.core.memory.HybridOnHeapMemorySegmentTest" time="0.001"/>
  <testcase name="testSlicedByteBufferGet[segment-size = 4,096]" classname="org.apache.flink.core.memory.HybridOnHeapMemorySegmentTest" time="0.002"/>
  <testcase name="testSlicedByteBufferPut[segment-size = 4,096]" classname="org.apache.flink.core.memory.HybridOnHeapMemorySegmentTest" time="0"/>
  <testcase name="testHybridHeapSegmentSpecifics[segment-size = 524,288]" classname="org.apache.flink.core.memory.HybridOnHeapMemorySegmentTest" time="0.001"/>
  <testcase name="testByteBufferOverflowUnderflow[segment-size = 524,288]" classname="org.apache.flink.core.memory.HybridOnHeapMemorySegmentTest" time="0"/>
  <testcase name="testLongAccess[segment-size = 524,288]" classname="org.apache.flink.core.memory.HybridOnHeapMemorySegmentTest" time="0.032"/>
  <testcase name="testBulkBytePutExceptions[segment-size = 524,288]" classname="org.apache.flink.core.memory.HybridOnHeapMemorySegmentTest" time="0.001"/>
  <testcase name="testByteBufferOutOfBounds[segment-size = 524,288]" classname="org.apache.flink.core.memory.HybridOnHeapMemorySegmentTest" time="0.002"/>
  <testcase name="testBulkByteGetExceptions[segment-size = 524,288]" classname="org.apache.flink.core.memory.HybridOnHeapMemorySegmentTest" time="0"/>
  <testcase name="testByteBufferGet[segment-size = 524,288]" classname="org.apache.flink.core.memory.HybridOnHeapMemorySegmentTest" time="0.059"/>
  <testcase name="testByteBufferPut[segment-size = 524,288]" classname="org.apache.flink.core.memory.HybridOnHeapMemorySegmentTest" time="0.008"/>
  <testcase name="testOwner[segment-size = 524,288]" classname="org.apache.flink.core.memory.HybridOnHeapMemorySegmentTest" time="0"/>
  <testcase name="testBooleanAccess[segment-size = 524,288]" classname="org.apache.flink.core.memory.HybridOnHeapMemorySegmentTest" time="0.138"/>
  <testcase name="testDataInputOutputStreamUnderflowOverflow[segment-size = 524,288]" classname="org.apache.flink.core.memory.HybridOnHeapMemorySegmentTest" time="0"/>
  <testcase name="testByteAccess[segment-size = 524,288]" classname="org.apache.flink.core.memory.HybridOnHeapMemorySegmentTest" time="0.048"/>
  <testcase name="testSwapBytes[segment-size = 524,288]" classname="org.apache.flink.core.memory.HybridOnHeapMemorySegmentTest" time="0.048"/>
  <testcase name="testCharAccess[segment-size = 524,288]" classname="org.apache.flink.core.memory.HybridOnHeapMemorySegmentTest" time="0.078"/>
  <testcase name="testDataInputOutput[segment-size = 524,288]" classname="org.apache.flink.core.memory.HybridOnHeapMemorySegmentTest" time="0.016"/>
  <testcase name="testShortAccess[segment-size = 524,288]" classname="org.apache.flink.core.memory.HybridOnHeapMemorySegmentTest" time="0.069"/>
  <testcase name="testCheckAgainstOverflowUnderflowOnRelease[segment-size = 524,288]" classname="org.apache.flink.core.memory.HybridOnHeapMemorySegmentTest" time="0.001"/>
  <testcase name="testSizeAndFreeing[segment-size = 524,288]" classname="org.apache.flink.core.memory.HybridOnHeapMemorySegmentTest" time="0"/>
  <testcase name="testIntAccess[segment-size = 524,288]" classname="org.apache.flink.core.memory.HybridOnHeapMemorySegmentTest" time="0.035"/>
  <testcase name="testBulkByteAccess[segment-size = 524,288]" classname="org.apache.flink.core.memory.HybridOnHeapMemorySegmentTest" time="0.954"/>
  <testcase name="testByteBufferWrapping[segment-size = 524,288]" classname="org.apache.flink.core.memory.HybridOnHeapMemorySegmentTest" time="0"/>
  <testcase name="testDataInputOutputOutOfBounds[segment-size = 524,288]" classname="org.apache.flink.core.memory.HybridOnHeapMemorySegmentTest" time="0"/>
  <testcase name="testCompareBytes[segment-size = 524,288]" classname="org.apache.flink.core.memory.HybridOnHeapMemorySegmentTest" time="0.018"/>
  <testcase name="testFloatAccess[segment-size = 524,288]" classname="org.apache.flink.core.memory.HybridOnHeapMemorySegmentTest" time="0.038"/>
  <testcase name="testDoubleAccess[segment-size = 524,288]" classname="org.apache.flink.core.memory.HybridOnHeapMemorySegmentTest" time="0.03"/>
  <testcase name="testSlicedByteBufferGet[segment-size = 524,288]" classname="org.apache.flink.core.memory.HybridOnHeapMemorySegmentTest" time="0.008"/>
  <testcase name="testSlicedByteBufferPut[segment-size = 524,288]" classname="org.apache.flink.core.memory.HybridOnHeapMemorySegmentTest" time="0.014"/>
</testsuite>